2013-06-12 06:42:49,412 20244 INFO ? openerp: OpenERP version 7.0
2013-06-12 06:42:49,418 20244 INFO ? openerp: addons paths: /opt/trobz/calendar/launchpad-7.0/web/addons,/opt/trobz/calendar/demo70/addons-demo,/opt/trobz/calendar/launchpad-7.0/addons-trobz-shop,/opt/trobz/calendar/launchpad-7.0/addon
s-trobz-reference,/opt/trobz/calendar/launchpad-7.0/aeroo70,/opt/trobz/calendar/launchpad-7.0/trobz-extra,/opt/trobz/calendar/launchpad-7.0/addons-trobz,/opt/trobz/calendar/launchpad-7.0/addons,/opt/trobz/calendar/launchpad-7.0/magento
erpconnect
2013-06-12 06:42:49,418 20244 INFO ? openerp: database hostname: localhost
2013-06-12 06:42:49,419 20244 INFO ? openerp: database port: 5432
2013-06-12 06:42:49,419 20244 INFO ? openerp: database user: openerp
2013-06-12 06:42:50,056 20244 INFO ? openerp.addons.google_docs.google_docs: GData lib version `%s GData-Python/2.0.17` detected
2013-06-12 06:42:50,436 20244 INFO ? openerp.service.wsgi_server: HTTP service (werkzeug) running on 0.0.0.0:8069
2013-06-12 06:42:50,437 20244 INFO ? openerp: OpenERP server is running, waiting for connections...
2013-06-12 06:42:53,509 20244 DEBUG open-dashboard openerp.sql_db: create serialized cursor to 'open-dashboard'
2013-06-12 06:42:53,509 20244 DEBUG open-dashboard openerp.sql_db: ConnectionPool(used=0/count=0/max=64) Borrow connection to 'host=localhost port=5432 user=openerp password=MoreFire dbname=open-dashboard'
2013-06-12 06:42:53,583 20244 DEBUG open-dashboard openerp.sql_db: ConnectionPool(used=1/count=1/max=64) Create new connection
2013-06-12 06:42:53,591 20244 DEBUG open-dashboard openerp.sql_db: query: SELECT proname FROM pg_proc WHERE proname='unaccent'
2013-06-12 06:42:53,591 20244 DEBUG open-dashboard openerp.sql_db: SQL LOG from:
2013-06-12 06:42:53,591 20244 DEBUG open-dashboard openerp.sql_db: table: pg_proc: 0:00:00.004109/1
2013-06-12 06:42:53,591 20244 DEBUG open-dashboard openerp.sql_db: SUM from:0:00:00.004109/1 [1]
2013-06-12 06:42:53,591 20244 DEBUG open-dashboard openerp.sql_db: SUM into:0:00:00/1 [1]
2013-06-12 06:42:53,592 20244 DEBUG open-dashboard openerp.sql_db: ConnectionPool(used=1/count=1/max=64) Give back connection to 'host=localhost port=5432 user=openerp password=xxxxxxxx dbname=open-dashboard'
2013-06-12 06:42:53,592 20244 DEBUG open-dashboard openerp.sql_db: ConnectionPool(used=0/count=1/max=64) Put connection to 'host=localhost port=5432 user=openerp password=xxxxxxxx dbname=open-dashboard' in pool
2013-06-12 06:42:53,600 20244 DEBUG open-dashboard openerp.sql_db: create serialized cursor to 'open-dashboard'
2013-06-12 06:42:53,601 20244 DEBUG open-dashboard openerp.sql_db: ConnectionPool(used=0/count=1/max=64) Borrow connection to 'host=localhost port=5432 user=openerp password=MoreFire dbname=open-dashboard'
2013-06-12 06:42:53,603 20244 DEBUG open-dashboard openerp.sql_db: ConnectionPool(used=1/count=1/max=64) Existing connection found at index 0
2013-06-12 06:42:53,605 20244 DEBUG open-dashboard openerp.sql_db: query: SELECT relname FROM pg_class WHERE relkind='r' AND relname='ir_module_module'
2013-06-12 06:42:53,616 20244 DEBUG open-dashboard openerp.sql_db: query: SELECT name, id, state, demo AS dbdemo, latest_version AS installed_version  FROM ir_module_module WHERE name IN ('base')
2013-06-12 06:42:53,617 20244 INFO open-dashboard openerp.modules.loading: loading 1 modules...
2013-06-12 06:42:53,620 20244 DEBUG open-dashboard openerp.sql_db: query: SELECT * FROM ir_model_fields WHERE state='manual'
2013-06-12 06:42:53,636 20244 DEBUG open-dashboard openerp.sql_db: query: SELECT name from ir_module_module WHERE state IN ('installed', 'to upgrade', 'to remove')
2013-06-12 06:42:53,660 20244 DEBUG open-dashboard openerp.sql_db: query: SELECT name, id, state, demo AS dbdemo, latest_version AS installed_version  FROM ir_module_module WHERE name IN ('process', 'share', 'trobz_base_web', 'web', 'b
ase_setup', 'knowledge', 'board', 'mail', 'document', 'document_page', 'email_template', 'hr', 'fetchmail', 'web_view_editor', 'web_calendar', 'base', 'portal', 'web_diagram', 'resource', 'web_graph', 'web_kanban', 'trobz_base', 'web_g
antt', 'auth_signup', 'trobz_dashboard', 'web_tests')
2013-06-12 06:42:53,661 20244 INFO open-dashboard openerp.modules.loading: loading 26 modules...
2013-06-12 06:42:53,663 20244 DEBUG open-dashboard openerp.sql_db: query: SELECT * FROM ir_model_fields WHERE state='manual'
2013-06-12 06:42:53,726 20244 DEBUG open-dashboard openerp.sql_db: query: select model from ir_model where state='manual'
2013-06-12 06:42:53,728 20244 INFO open-dashboard openerp.modules.loading: Modules loaded.
2013-06-12 06:42:53,728 20244 DEBUG open-dashboard openerp.sql_db: SQL LOG from:
2013-06-12 06:42:53,728 20244 DEBUG open-dashboard openerp.sql_db: table: pg_class: 0:00:00.001350/1
2013-06-12 06:42:53,729 20244 DEBUG open-dashboard openerp.sql_db: table: ir_model: 0:00:00.003568/1
2013-06-12 06:42:53,729 20244 DEBUG open-dashboard openerp.sql_db: table: ir_model_fields: 0:00:00.004142/2
2013-06-12 06:42:53,729 20244 DEBUG open-dashboard openerp.sql_db: table: ir_module_module: 0:00:00.012690/3
2013-06-12 06:42:53,730 20244 DEBUG open-dashboard openerp.sql_db: SUM from:0:00:00.021750/7 [8]
2013-06-12 06:42:53,730 20244 DEBUG open-dashboard openerp.sql_db: SUM into:0:00:00/7 [8]
2013-06-12 06:42:53,730 20244 DEBUG open-dashboard openerp.sql_db: ConnectionPool(used=1/count=1/max=64) Give back connection to 'host=localhost port=5432 user=openerp password=xxxxxxxx dbname=open-dashboard'
2013-06-12 06:42:53,731 20244 DEBUG open-dashboard openerp.sql_db: ConnectionPool(used=0/count=1/max=64) Put connection to 'host=localhost port=5432 user=openerp password=xxxxxxxx dbname=open-dashboard' in pool
2013-06-12 06:42:53,731 20244 DEBUG open-dashboard openerp.sql_db: create serialized cursor to 'open-dashboard'
2013-06-12 06:42:53,731 20244 DEBUG open-dashboard openerp.sql_db: ConnectionPool(used=0/count=1/max=64) Borrow connection to 'host=localhost port=5432 user=openerp password=MoreFire dbname=open-dashboard'
2013-06-12 06:42:53,732 20244 DEBUG open-dashboard openerp.sql_db: ConnectionPool(used=1/count=1/max=64) Existing connection found at index 0
2013-06-12 06:42:53,735 20244 DEBUG open-dashboard openerp.sql_db: query: SELECT * FROM ir_act_report_xml WHERE auto=true ORDER BY id
2013-06-12 06:42:53,736 20244 DEBUG open-dashboard openerp.sql_db: SQL LOG from:
2013-06-12 06:42:53,736 20244 DEBUG open-dashboard openerp.sql_db: table: ir_act_report_xml: 0:00:00.002635/1
2013-06-12 06:42:53,737 20244 DEBUG open-dashboard openerp.sql_db: SUM from:0:00:00.002635/1 [9]
2013-06-12 06:42:53,737 20244 DEBUG open-dashboard openerp.sql_db: SUM into:0:00:00/1 [9]
2013-06-12 06:42:53,737 20244 DEBUG open-dashboard openerp.sql_db: ConnectionPool(used=1/count=1/max=64) Give back connection to 'host=localhost port=5432 user=openerp password=xxxxxxxx dbname=open-dashboard'
2013-06-12 06:42:53,737 20244 DEBUG open-dashboard openerp.sql_db: ConnectionPool(used=0/count=1/max=64) Put connection to 'host=localhost port=5432 user=openerp password=xxxxxxxx dbname=open-dashboard' in pool
2013-06-12 06:42:53,738 20244 DEBUG open-dashboard openerp.sql_db: create serialized cursor to 'open-dashboard'
2013-06-12 06:42:53,738 20244 DEBUG open-dashboard openerp.sql_db: ConnectionPool(used=0/count=1/max=64) Borrow connection to 'host=localhost port=5432 user=openerp password=MoreFire dbname=open-dashboard'
2013-06-12 06:42:53,739 20244 DEBUG open-dashboard openerp.sql_db: ConnectionPool(used=1/count=1/max=64) Existing connection found at index 0
2013-06-12 06:42:53,743 20244 DEBUG open-dashboard openerp.sql_db: query: SELECT "res_users".id FROM "res_users" WHERE ((("res_users"."active" = 'True')  AND  "res_users".id = 1)  AND  ("res_users"."password" = 'admin')) ORDER BY "res_
users"."id"  
2013-06-12 06:42:53,743 20244 DEBUG open-dashboard openerp.sql_db: SQL LOG from:
2013-06-12 06:42:53,744 20244 DEBUG open-dashboard openerp.sql_db: table: res_users: 0:00:00.003022/1
2013-06-12 06:42:53,744 20244 DEBUG open-dashboard openerp.sql_db: SUM from:0:00:00.003022/1 [10]
2013-06-12 06:42:53,744 20244 DEBUG open-dashboard openerp.sql_db: SUM into:0:00:00/1 [10]
2013-06-12 06:42:53,745 20244 DEBUG open-dashboard openerp.sql_db: ConnectionPool(used=1/count=1/max=64) Give back connection to 'host=localhost port=5432 user=openerp password=xxxxxxxx dbname=open-dashboard'
2013-06-12 06:42:53,745 20244 DEBUG open-dashboard openerp.sql_db: ConnectionPool(used=0/count=1/max=64) Put connection to 'host=localhost port=5432 user=openerp password=xxxxxxxx dbname=open-dashboard' in pool
2013-06-12 06:42:53,746 20244 DEBUG open-dashboard openerp.sql_db: create serialized cursor to 'open-dashboard'
2013-06-12 06:42:53,747 20244 DEBUG open-dashboard openerp.sql_db: ConnectionPool(used=0/count=1/max=64) Borrow connection to 'host=localhost port=5432 user=openerp password=MoreFire dbname=open-dashboard'
2013-06-12 06:42:53,747 20244 DEBUG open-dashboard openerp.sql_db: ConnectionPool(used=1/count=1/max=64) Existing connection found at index 0
2013-06-12 06:42:53,753 20244 DEBUG open-dashboard openerp.sql_db: query: SELECT ir_actions."type",ir_actions.id FROM "ir_actions" WHERE ir_actions.id IN (84) ORDER BY name
2013-06-12 06:42:53,754 20244 DEBUG open-dashboard openerp.sql_db: SQL LOG from:
2013-06-12 06:42:53,754 20244 DEBUG open-dashboard openerp.sql_db: table: ir_actions: 0:00:00.004895/1
2013-06-12 06:42:53,754 20244 DEBUG open-dashboard openerp.sql_db: SUM from:0:00:00.004895/1 [11]
2013-06-12 06:42:53,754 20244 DEBUG open-dashboard openerp.sql_db: SUM into:0:00:00/1 [11]
2013-06-12 06:42:53,754 20244 DEBUG open-dashboard openerp.sql_db: ConnectionPool(used=1/count=1/max=64) Give back connection to 'host=localhost port=5432 user=openerp password=xxxxxxxx dbname=open-dashboard'
2013-06-12 06:42:53,754 20244 DEBUG open-dashboard openerp.sql_db: ConnectionPool(used=0/count=1/max=64) Put connection to 'host=localhost port=5432 user=openerp password=xxxxxxxx dbname=open-dashboard' in pool
2013-06-12 06:42:53,755 20244 DEBUG open-dashboard openerp.sql_db: create serialized cursor to 'open-dashboard'
2013-06-12 06:42:53,755 20244 DEBUG open-dashboard openerp.sql_db: ConnectionPool(used=0/count=1/max=64) Borrow connection to 'host=localhost port=5432 user=openerp password=MoreFire dbname=open-dashboard'
2013-06-12 06:42:53,755 20244 DEBUG open-dashboard openerp.sql_db: ConnectionPool(used=1/count=1/max=64) Existing connection found at index 0
2013-06-12 06:42:53,758 20244 DEBUG open-dashboard openerp.sql_db: query: SELECT ir_act_window."domain",ir_act_window."help",ir_act_window."res_model",ir_act_window."search_view_id",ir_act_window."view_type",ir_act_window."src_model",i
r_act_window."usage",ir_act_window."type",ir_act_window."view_id",ir_act_window."auto_refresh",ir_act_window."view_mode",ir_act_window."name",ir_act_window."multi",ir_act_window."target",ir_act_window."auto_search",ir_act_window."res_i
d",ir_act_window."filter",ir_act_window."limit",ir_act_window."context",ir_act_window.id FROM "ir_act_window" WHERE ir_act_window.id IN (84) ORDER BY name
2013-06-12 06:42:53,760 20244 DEBUG open-dashboard openerp.sql_db: query: select res_id,value from ir_translation where lang='en_US' and type='model' and name='ir.actions.act_window,help' and res_id IN (84)
2013-06-12 06:42:53,761 20244 DEBUG open-dashboard openerp.sql_db: query: select res_id,value from ir_translation where lang='en_US' and type='model' and name='ir.actions.act_window,name' and res_id IN (84)
2013-06-12 06:42:53,764 20244 DEBUG open-dashboard openerp.sql_db: query: SELECT ir_act_window_group_rel.gid, ir_act_window_group_rel.act_id                    FROM ir_act_window_group_rel, "res_groups"                   WHERE ir_act_w
indow_group_rel.act_id IN (84)                     AND ir_act_window_group_rel.gid = res_groups.id                                      ORDER BY "res_groups".id                                    OFFSET 0
2013-06-12 06:42:53,766 20244 DEBUG open-dashboard openerp.sql_db: query: SELECT "ir_act_window_view".id FROM "ir_act_window_view" WHERE ("ir_act_window_view"."act_window_id" in (84)) ORDER BY "ir_act_window_view"."sequence"  
2013-06-12 06:42:53,767 20244 DEBUG open-dashboard openerp.sql_db: query: SELECT ir_act_window."domain",ir_act_window."help",ir_act_window."res_model",ir_act_window."view_id",ir_act_window."search_view_id",ir_act_window."auto_refresh",
ir_act_window."view_mode",ir_act_window."name",ir_act_window."multi",ir_act_window."target",ir_act_window."type",ir_act_window."auto_search",ir_act_window."filter",ir_act_window."src_model",ir_act_window."limit",ir_act_window."context"
,ir_act_window."view_type",ir_act_window."usage",ir_act_window."res_id",ir_act_window.id FROM "ir_act_window" WHERE ir_act_window.id IN (84) ORDER BY name
2013-06-12 06:42:53,769 20244 DEBUG open-dashboard openerp.sql_db: query: SELECT ir_ui_view."type",ir_ui_view.id FROM "ir_ui_view" WHERE ir_ui_view.id IN (173) ORDER BY priority,name
2013-06-12 06:42:53,770 20244 DEBUG open-dashboard openerp.sql_db: query: SELECT ir_ui_view."name",ir_ui_view.id FROM "ir_ui_view" WHERE ir_ui_view.id IN (173) ORDER BY priority,name
2013-06-12 06:42:53,771 20244 DEBUG open-dashboard openerp.sql_db: query: SELECT "ir_act_window_view".id FROM "ir_act_window_view" WHERE ("ir_act_window_view"."act_window_id" in (84)) ORDER BY "ir_act_window_view"."sequence"  
2013-06-12 06:42:53,772 20244 DEBUG open-dashboard openerp.sql_db: query: SELECT ir_act_window."domain",ir_act_window."help",ir_act_window."res_model",ir_act_window."view_id",ir_act_window."search_view_id",ir_act_window."auto_refresh",
ir_act_window."view_mode",ir_act_window."name",ir_act_window."multi",ir_act_window."target",ir_act_window."type",ir_act_window."auto_search",ir_act_window."filter",ir_act_window."src_model",ir_act_window."limit",ir_act_window."context"
,ir_act_window."view_type",ir_act_window."usage",ir_act_window."res_id",ir_act_window.id FROM "ir_act_window" WHERE ir_act_window.id IN (84) ORDER BY name
2013-06-12 06:42:53,773 20244 DEBUG open-dashboard openerp.sql_db: query: SELECT arch,name,field_parent,id,type,inherit_id,model
                              FROM ir_ui_view
                              WHERE model='board.create' AND type='search' AND inherit_id IS NULL
                              ORDER BY priority
2013-06-12 06:42:53,775 20244 DEBUG open-dashboard openerp.sql_db: query: SELECT value
                          FROM ir_translation
                          WHERE lang='en_US'
                           AND type in ('field')
                           AND name='board.create,name'
2013-06-12 06:42:53,776 20244 DEBUG open-dashboard openerp.sql_db: query: SELECT value
                          FROM ir_translation
                          WHERE lang='en_US'
                           AND type in ('field')
                           AND name='board.create,menu_parent_id'
2013-06-12 06:42:53,778 20244 DEBUG open-dashboard openerp.sql_db: query: SELECT value
                       FROM ir_translation
                       WHERE lang='en_US'
                        AND type in ('view')
                        AND src='Board Creation' AND name='board.create'
2013-06-12 06:42:53,778 20244 DEBUG open-dashboard openerp.sql_db: query: SELECT value
                       FROM ir_translation
                       WHERE lang='en_US'
                        AND type in ('view')
                        AND src='Board Creation'
2013-06-12 06:42:53,780 20244 DEBUG open-dashboard openerp.sql_db: SQL LOG from:
2013-06-12 06:42:53,780 20244 DEBUG open-dashboard openerp.sql_db: table: ir_act_window_view: 0:00:00.001823/2
2013-06-12 06:42:53,780 20244 DEBUG open-dashboard openerp.sql_db: table: ir_ui_view: 0:00:00.002049/2
2013-06-12 06:42:53,781 20244 DEBUG open-dashboard openerp.sql_db: table: ir_translation: 0:00:00.002797/2
2013-06-12 06:42:53,781 20244 DEBUG open-dashboard openerp.sql_db: table: ir_act_window: 0:00:00.002989/3
2013-06-12 06:42:53,781 20244 DEBUG open-dashboard openerp.sql_db: SUM from:0:00:00.009658/15 [26]
2013-06-12 06:42:53,782 20244 DEBUG open-dashboard openerp.sql_db: SUM into:0:00:00/15 [26]
2013-06-12 06:42:53,782 20244 DEBUG open-dashboard openerp.sql_db: ConnectionPool(used=1/count=1/max=64) Give back connection to 'host=localhost port=5432 user=openerp password=xxxxxxxx dbname=open-dashboard'
2013-06-12 06:42:53,782 20244 DEBUG open-dashboard openerp.sql_db: ConnectionPool(used=0/count=1/max=64) Put connection to 'host=localhost port=5432 user=openerp password=xxxxxxxx dbname=open-dashboard' in pool
2013-06-12 06:42:53,784 20244 INFO open-dashboard werkzeug: 192.168.1.12 - - [12/Jun/2013 06:42:53] "POST /web/action/load HTTP/1.1" 200 -
2013-06-12 06:42:53,839 20244 DEBUG open-dashboard openerp.sql_db: create serialized cursor to 'open-dashboard'
2013-06-12 06:42:53,840 20244 DEBUG open-dashboard openerp.sql_db: ConnectionPool(used=0/count=1/max=64) Borrow connection to 'host=localhost port=5432 user=openerp password=MoreFire dbname=open-dashboard'
2013-06-12 06:42:53,841 20244 DEBUG open-dashboard openerp.sql_db: ConnectionPool(used=1/count=1/max=64) Existing connection found at index 0
2013-06-12 06:42:53,843 20244 DEBUG open-dashboard openerp.sql_db: query: SELECT arch,name,field_parent,id,type,inherit_id,model
                              FROM ir_ui_view
                              WHERE id=173
2013-06-12 06:42:53,848 20244 DEBUG open-dashboard openerp.sql_db: query: SELECT res_users."partner_id",res_users."alias_id",res_users.id FROM "res_users" WHERE res_users.id IN (1) ORDER BY id
2013-06-12 06:42:53,851 20244 DEBUG open-dashboard openerp.sql_db: query: SELECT res_groups_users_rel.gid, res_groups_users_rel.uid                    FROM res_groups_users_rel, "res_groups"                   WHERE res_groups_users_rel
.uid IN (1)                     AND res_groups_users_rel.gid = res_groups.id                                      ORDER BY "res_groups".id                                    OFFSET 0
2013-06-12 06:42:53,853 20244 DEBUG open-dashboard openerp.sql_db: query: SELECT v.id FROM ir_ui_view v
                       WHERE v.inherit_id=173 AND v.model='board.create'  
                       ORDER BY priority
2013-06-12 06:42:53,854 20244 DEBUG open-dashboard openerp.sql_db: query: SELECT value
                       FROM ir_translation
                       WHERE lang='en_US'
                        AND type in ('view')
                        AND src='Create New Dashboard' AND name='board.create'
2013-06-12 06:42:53,855 20244 DEBUG open-dashboard openerp.sql_db: query: SELECT value
                       FROM ir_translation
                       WHERE lang='en_US'
                        AND type in ('view')
                        AND src='or' AND name='board.create'
2013-06-12 06:42:53,856 20244 DEBUG open-dashboard openerp.sql_db: query: SELECT value
                       FROM ir_translation
                       WHERE lang='en_US'
                        AND type in ('view')
                        AND src='Create' AND name='board.create'
2013-06-12 06:42:53,857 20244 DEBUG open-dashboard openerp.sql_db: query: SELECT value
                       FROM ir_translation
                       WHERE lang='en_US'
                        AND type in ('view')
                        AND src='Cancel' AND name='board.create'
2013-06-12 06:42:53,858 20244 DEBUG open-dashboard openerp.sql_db: SQL LOG from:
2013-06-12 06:42:53,859 20244 DEBUG open-dashboard openerp.sql_db: table: res_users: 0:00:00.000690/1
2013-06-12 06:42:53,859 20244 DEBUG open-dashboard openerp.sql_db: SUM from:0:00:00.000690/8 [34]
2013-06-12 06:42:53,859 20244 DEBUG open-dashboard openerp.sql_db: SUM into:0:00:00/8 [34]
2013-06-12 06:42:53,860 20244 DEBUG open-dashboard openerp.sql_db: ConnectionPool(used=1/count=1/max=64) Give back connection to 'host=localhost port=5432 user=openerp password=xxxxxxxx dbname=open-dashboard'
2013-06-12 06:42:53,860 20244 DEBUG open-dashboard openerp.sql_db: ConnectionPool(used=0/count=1/max=64) Put connection to 'host=localhost port=5432 user=openerp password=xxxxxxxx dbname=open-dashboard' in pool
2013-06-12 06:42:53,861 20244 INFO open-dashboard werkzeug: 192.168.1.12 - - [12/Jun/2013 06:42:53] "POST /web/dataset/call_kw/board.create:fields_view_get HTTP/1.1" 200 -
2013-06-12 06:42:53,959 20244 DEBUG open-dashboard openerp.sql_db: create serialized cursor to 'open-dashboard'
2013-06-12 06:42:53,960 20244 DEBUG open-dashboard openerp.sql_db: ConnectionPool(used=0/count=1/max=64) Borrow connection to 'host=localhost port=5432 user=openerp password=MoreFire dbname=open-dashboard'
2013-06-12 06:42:53,961 20244 DEBUG open-dashboard openerp.sql_db: ConnectionPool(used=1/count=1/max=64) Existing connection found at index 0
2013-06-12 06:42:53,965 20244 DEBUG open-dashboard openerp.sql_db: query: SELECT "ir_model_data".id FROM "ir_model_data" WHERE (("ir_model_data"."module" = 'base')  AND  ("ir_model_data"."name" = 'menu_reporting_dashboard')) ORDER BY "
ir_model_data"."module" ,"ir_model_data"."model" ,"ir_model_data"."name"  
2013-06-12 06:42:53,966 20244 DEBUG open-dashboard openerp.sql_db: query: SELECT ir_model_data."model",ir_model_data."res_id",ir_model_data.id FROM "ir_model_data" WHERE ir_model_data.id IN (1708) ORDER BY module,model,name
2013-06-12 06:42:53,971 20244 DEBUG open-dashboard openerp.sql_db: query: SELECT v.id, v.name, v.value FROM ir_values v
                      LEFT JOIN res_users u ON (v.user_id = u.id)
                   WHERE v.key = 'default' AND v.model = 'board.create'
                      AND (v.user_id = 1 OR v.user_id IS NULL)
                      AND (v.company_id IS NULL OR
                           v.company_id =
                             (SELECT company_id from res_users where id = 1)
                          )
                      AND v.key2 is NULL
                   ORDER BY v.user_id, u.company_id
2013-06-12 06:42:53,972 20244 DEBUG open-dashboard openerp.sql_db: SQL LOG from:
2013-06-12 06:42:53,972 20244 DEBUG open-dashboard openerp.sql_db: table: ir_model_data: 0:00:00.002301/2
2013-06-12 06:42:53,972 20244 DEBUG open-dashboard openerp.sql_db: SUM from:0:00:00.002301/3 [37]
2013-06-12 06:42:53,977 20244 DEBUG open-dashboard openerp.sql_db: SUM into:0:00:00/3 [37]
2013-06-12 06:42:53,978 20244 DEBUG open-dashboard openerp.sql_db: ConnectionPool(used=1/count=1/max=64) Give back connection to 'host=localhost port=5432 user=openerp password=xxxxxxxx dbname=open-dashboard'
2013-06-12 06:42:53,978 20244 DEBUG open-dashboard openerp.sql_db: ConnectionPool(used=0/count=1/max=64) Put connection to 'host=localhost port=5432 user=openerp password=xxxxxxxx dbname=open-dashboard' in pool
2013-06-12 06:42:53,979 20244 INFO open-dashboard werkzeug: 192.168.1.12 - - [12/Jun/2013 06:42:53] "POST /web/dataset/call_kw/board.create:default_get HTTP/1.1" 200 -
2013-06-12 06:42:54,042 20244 DEBUG open-dashboard openerp.sql_db: create serialized cursor to 'open-dashboard'
2013-06-12 06:42:54,043 20244 DEBUG open-dashboard openerp.sql_db: ConnectionPool(used=0/count=1/max=64) Borrow connection to 'host=localhost port=5432 user=openerp password=MoreFire dbname=open-dashboard'
2013-06-12 06:42:54,043 20244 DEBUG open-dashboard openerp.sql_db: ConnectionPool(used=1/count=1/max=64) Existing connection found at index 0
2013-06-12 06:42:54,047 20244 DEBUG open-dashboard openerp.sql_db: query: SELECT ir_ui_menu."web_icon_data",ir_ui_menu."mail_group_id",ir_ui_menu."sequence",ir_ui_menu."web_icon_hover",ir_ui_menu."web_icon_hover_data",ir_ui_menu."icon"
,ir_ui_menu."needaction_enabled",ir_ui_menu."parent_right",ir_ui_menu."name",ir_ui_menu."web_icon",ir_ui_menu."parent_id",ir_ui_menu."parent_left",ir_ui_menu.id FROM "ir_ui_menu" WHERE ir_ui_menu.id IN (5) ORDER BY sequence,id
2013-06-12 06:42:54,048 20244 DEBUG open-dashboard openerp.sql_db: query: select res_id,value from ir_translation where lang='en_US' and type='model' and name='ir.ui.menu,name' and res_id IN (5)
2013-06-12 06:42:54,050 20244 DEBUG open-dashboard openerp.sql_db: query: SELECT ir_ui_menu."web_icon_data",ir_ui_menu."mail_group_id",ir_ui_menu."sequence",ir_ui_menu."web_icon_hover",ir_ui_menu."web_icon_hover_data",ir_ui_menu."icon"
,ir_ui_menu."needaction_enabled",ir_ui_menu."parent_right",ir_ui_menu."name",ir_ui_menu."web_icon",ir_ui_menu."parent_id",ir_ui_menu."parent_left",ir_ui_menu.id FROM "ir_ui_menu" WHERE ir_ui_menu.id IN (4) ORDER BY sequence,id
2013-06-12 06:42:54,051 20244 DEBUG open-dashboard openerp.sql_db: query: select res_id,value from ir_translation where lang='en_US' and type='model' and name='ir.ui.menu,name' and res_id IN (4)
2013-06-12 06:42:54,051 20244 DEBUG open-dashboard openerp.sql_db: SQL LOG from:
2013-06-12 06:42:54,052 20244 DEBUG open-dashboard openerp.sql_db: table: ir_translation: 0:00:00.001020/2
2013-06-12 06:42:54,052 20244 DEBUG open-dashboard openerp.sql_db: table: ir_ui_menu: 0:00:00.003481/2
2013-06-12 06:42:54,052 20244 DEBUG open-dashboard openerp.sql_db: SUM from:0:00:00.004501/4 [41]
2013-06-12 06:42:54,052 20244 DEBUG open-dashboard openerp.sql_db: SUM into:0:00:00/4 [41]
2013-06-12 06:42:54,053 20244 DEBUG open-dashboard openerp.sql_db: ConnectionPool(used=1/count=1/max=64) Give back connection to 'host=localhost port=5432 user=openerp password=xxxxxxxx dbname=open-dashboard'
2013-06-12 06:42:54,054 20244 DEBUG open-dashboard openerp.sql_db: ConnectionPool(used=0/count=1/max=64) Put connection to 'host=localhost port=5432 user=openerp password=xxxxxxxx dbname=open-dashboard' in pool
2013-06-12 06:42:54,056 20244 INFO open-dashboard werkzeug: 192.168.1.12 - - [12/Jun/2013 06:42:54] "POST /web/dataset/call_kw/ir.ui.menu:name_get HTTP/1.1" 200 -
2013-06-12 06:42:57,669 20244 DEBUG open-dashboard openerp.sql_db: create serialized cursor to 'open-dashboard'
2013-06-12 06:42:57,670 20244 DEBUG open-dashboard openerp.sql_db: ConnectionPool(used=0/count=1/max=64) Borrow connection to 'host=localhost port=5432 user=openerp password=MoreFire dbname=open-dashboard'
2013-06-12 06:42:57,671 20244 DEBUG open-dashboard openerp.sql_db: ConnectionPool(used=1/count=1/max=64) Existing connection found at index 0
2013-06-12 06:42:57,674 20244 DEBUG open-dashboard openerp.sql_db: query: SELECT nextval('board_create_id_seq')
2013-06-12 06:42:57,681 20244 DEBUG open-dashboard openerp.sql_db: query: insert into "board_create" (id,"name","menu_parent_id",create_uid,create_date,write_uid,write_date) values (9,'toto',5,1,(now() at time zone 'UTC'),1,(now() at t
ime zone 'UTC'))
2013-06-12 06:42:57,684 20244 DEBUG open-dashboard openerp.sql_db: query: select id from wkf where osv='board.create' and on_create=True
2013-06-12 06:42:57,733 20244 DEBUG open-dashboard openerp.sql_db: SQL LOG from:
2013-06-12 06:42:57,733 20244 DEBUG open-dashboard openerp.sql_db: table: wkf: 0:00:00.002609/1
2013-06-12 06:42:57,733 20244 DEBUG open-dashboard openerp.sql_db: SUM from:0:00:00.002609/3 [44]
2013-06-12 06:42:57,733 20244 DEBUG open-dashboard openerp.sql_db: SQL LOG into:
2013-06-12 06:42:57,734 20244 DEBUG open-dashboard openerp.sql_db: table: board_create: 0:00:00.004525/1
2013-06-12 06:42:57,734 20244 DEBUG open-dashboard openerp.sql_db: SUM into:0:00:00.004525/3 [44]
2013-06-12 06:42:57,734 20244 DEBUG open-dashboard openerp.sql_db: ConnectionPool(used=1/count=1/max=64) Give back connection to 'host=localhost port=5432 user=openerp password=xxxxxxxx dbname=open-dashboard'
2013-06-12 06:42:57,734 20244 DEBUG open-dashboard openerp.sql_db: ConnectionPool(used=0/count=1/max=64) Put connection to 'host=localhost port=5432 user=openerp password=xxxxxxxx dbname=open-dashboard' in pool
2013-06-12 06:42:57,735 20244 INFO open-dashboard werkzeug: 192.168.1.12 - - [12/Jun/2013 06:42:57] "POST /web/dataset/call_kw/board.create:create HTTP/1.1" 200 -
2013-06-12 06:42:57,748 20244 DEBUG open-dashboard openerp.sql_db: create serialized cursor to 'open-dashboard'
2013-06-12 06:42:57,750 20244 DEBUG open-dashboard openerp.sql_db: ConnectionPool(used=0/count=1/max=64) Borrow connection to 'host=localhost port=5432 user=openerp password=MoreFire dbname=open-dashboard'
2013-06-12 06:42:57,754 20244 DEBUG open-dashboard openerp.sql_db: ConnectionPool(used=1/count=1/max=64) Existing connection found at index 0
2013-06-12 06:42:57,761 20244 DEBUG open-dashboard openerp.sql_db: query: SELECT board_create."name",board_create.id FROM "board_create" WHERE board_create.id IN (9) ORDER BY id
2013-06-12 06:42:57,762 20244 DEBUG open-dashboard openerp.sql_db: SQL LOG from:
2013-06-12 06:42:57,762 20244 DEBUG open-dashboard openerp.sql_db: table: board_create: 0:00:00.001291/1
2013-06-12 06:42:57,762 20244 DEBUG open-dashboard openerp.sql_db: SUM from:0:00:00.001291/1 [45]
2013-06-12 06:42:57,762 20244 DEBUG open-dashboard openerp.sql_db: SUM into:0:00:00/1 [45]
2013-06-12 06:42:57,762 20244 DEBUG open-dashboard openerp.sql_db: ConnectionPool(used=1/count=1/max=64) Give back connection to 'host=localhost port=5432 user=openerp password=xxxxxxxx dbname=open-dashboard'
2013-06-12 06:42:57,762 20244 DEBUG open-dashboard openerp.sql_db: ConnectionPool(used=0/count=1/max=64) Put connection to 'host=localhost port=5432 user=openerp password=xxxxxxxx dbname=open-dashboard' in pool
2013-06-12 06:42:57,762 20244 DEBUG open-dashboard openerp.sql_db: create serialized cursor to 'open-dashboard'
2013-06-12 06:42:57,762 20244 DEBUG open-dashboard openerp.sql_db: ConnectionPool(used=0/count=1/max=64) Borrow connection to 'host=localhost port=5432 user=openerp password=MoreFire dbname=open-dashboard'
2013-06-12 06:42:57,768 20244 DEBUG open-dashboard openerp.sql_db: ConnectionPool(used=1/count=1/max=64) Existing connection found at index 0
2013-06-12 06:42:57,769 20244 DEBUG open-dashboard openerp.sql_db: query: SELECT board_create."name",board_create."menu_parent_id",board_create.id FROM "board_create" WHERE board_create.id IN (9) ORDER BY id
2013-06-12 06:42:57,771 20244 DEBUG open-dashboard openerp.sql_db: query: SELECT ir_ui_menu."web_icon_data",ir_ui_menu."mail_group_id",ir_ui_menu."sequence",ir_ui_menu."web_icon_hover",ir_ui_menu."web_icon_hover_data",ir_ui_menu."icon"
,ir_ui_menu."needaction_enabled",ir_ui_menu."parent_right",ir_ui_menu."name",ir_ui_menu."web_icon",ir_ui_menu."parent_id",ir_ui_menu."parent_left",ir_ui_menu.id FROM "ir_ui_menu" WHERE ir_ui_menu.id IN (5) ORDER BY sequence,id
2013-06-12 06:42:57,773 20244 DEBUG open-dashboard openerp.sql_db: query: SELECT ir_ui_menu."web_icon_data",ir_ui_menu."mail_group_id",ir_ui_menu."sequence",ir_ui_menu."web_icon_hover",ir_ui_menu."web_icon_hover_data",ir_ui_menu."icon"
,ir_ui_menu."needaction_enabled",ir_ui_menu."parent_right",ir_ui_menu."name",ir_ui_menu."web_icon",ir_ui_menu."parent_id",ir_ui_menu."parent_left",ir_ui_menu.id FROM "ir_ui_menu" WHERE ir_ui_menu.id IN (4) ORDER BY sequence,id
2013-06-12 06:42:57,773 20244 DEBUG open-dashboard openerp.sql_db: SQL LOG from:
2013-06-12 06:42:57,773 20244 DEBUG open-dashboard openerp.sql_db: table: board_create: 0:00:00.000631/1
2013-06-12 06:42:57,773 20244 DEBUG open-dashboard openerp.sql_db: table: ir_ui_menu: 0:00:00.002149/2
2013-06-12 06:42:57,773 20244 DEBUG open-dashboard openerp.sql_db: SUM from:0:00:00.002780/3 [48]
2013-06-12 06:42:57,773 20244 DEBUG open-dashboard openerp.sql_db: SUM into:0:00:00/3 [48]
2013-06-12 06:42:57,773 20244 DEBUG open-dashboard openerp.sql_db: ConnectionPool(used=1/count=1/max=64) Give back connection to 'host=localhost port=5432 user=openerp password=xxxxxxxx dbname=open-dashboard'
2013-06-12 06:42:57,774 20244 DEBUG open-dashboard openerp.sql_db: ConnectionPool(used=0/count=1/max=64) Put connection to 'host=localhost port=5432 user=openerp password=xxxxxxxx dbname=open-dashboard' in pool
2013-06-12 06:42:57,780 20244 INFO open-dashboard werkzeug: 192.168.1.12 - - [12/Jun/2013 06:42:57] "POST /web/dataset/call_kw/board.create:read HTTP/1.1" 200 -
2013-06-12 06:42:57,851 20244 DEBUG open-dashboard openerp.sql_db: create serialized cursor to 'open-dashboard'
2013-06-12 06:42:57,852 20244 DEBUG open-dashboard openerp.sql_db: ConnectionPool(used=0/count=1/max=64) Borrow connection to 'host=localhost port=5432 user=openerp password=MoreFire dbname=open-dashboard'
2013-06-12 06:42:57,854 20244 DEBUG open-dashboard openerp.sql_db: ConnectionPool(used=1/count=1/max=64) Existing connection found at index 0
2013-06-12 06:42:57,854 20244 WARNING open-dashboard openerp.osv.osv: The method board_create of the object board.create can not return `None` !
2013-06-12 06:42:57,855 20244 DEBUG open-dashboard openerp.sql_db: SUM from:0:00:00/0 [48]
2013-06-12 06:42:57,855 20244 DEBUG open-dashboard openerp.sql_db: SUM into:0:00:00/0 [48]
2013-06-12 06:42:57,855 20244 DEBUG open-dashboard openerp.sql_db: ConnectionPool(used=1/count=1/max=64) Give back connection to 'host=localhost port=5432 user=openerp password=xxxxxxxx dbname=open-dashboard'
2013-06-12 06:42:57,856 20244 DEBUG open-dashboard openerp.sql_db: ConnectionPool(used=0/count=1/max=64) Put connection to 'host=localhost port=5432 user=openerp password=xxxxxxxx dbname=open-dashboard' in pool
2013-06-12 06:42:57,858 20244 INFO open-dashboard werkzeug: 192.168.1.12 - - [12/Jun/2013 06:42:57] "POST /web/dataset/call_button HTTP/1.1" 200 -
2013-06-12 06:42:58,023 20244 DEBUG open-dashboard openerp.sql_db: create serialized cursor to 'open-dashboard'
2013-06-12 06:42:58,024 20244 DEBUG open-dashboard openerp.sql_db: ConnectionPool(used=0/count=1/max=64) Borrow connection to 'host=localhost port=5432 user=openerp password=MoreFire dbname=open-dashboard'
2013-06-12 06:42:58,025 20244 DEBUG open-dashboard openerp.sql_db: ConnectionPool(used=1/count=1/max=64) Existing connection found at index 0
2013-06-12 06:42:58,026 20244 DEBUG open-dashboard openerp.sql_db: query: SELECT board_create."name",board_create.id FROM "board_create" WHERE board_create.id IN (9) ORDER BY id
2013-06-12 06:42:58,027 20244 DEBUG open-dashboard openerp.sql_db: SQL LOG from:
2013-06-12 06:42:58,027 20244 DEBUG open-dashboard openerp.sql_db: table: board_create: 0:00:00.000615/1
2013-06-12 06:42:58,028 20244 DEBUG open-dashboard openerp.sql_db: SUM from:0:00:00.000615/1 [49]
2013-06-12 06:42:58,029 20244 DEBUG open-dashboard openerp.sql_db: SUM into:0:00:00/1 [49]
2013-06-12 06:42:58,030 20244 DEBUG open-dashboard openerp.sql_db: ConnectionPool(used=1/count=1/max=64) Give back connection to 'host=localhost port=5432 user=openerp password=xxxxxxxx dbname=open-dashboard'
2013-06-12 06:42:58,030 20244 DEBUG open-dashboard openerp.sql_db: ConnectionPool(used=0/count=1/max=64) Put connection to 'host=localhost port=5432 user=openerp password=xxxxxxxx dbname=open-dashboard' in pool
2013-06-12 06:42:58,031 20244 DEBUG open-dashboard openerp.sql_db: create serialized cursor to 'open-dashboard'
2013-06-12 06:42:58,032 20244 DEBUG open-dashboard openerp.sql_db: ConnectionPool(used=0/count=1/max=64) Borrow connection to 'host=localhost port=5432 user=openerp password=MoreFire dbname=open-dashboard'
2013-06-12 06:42:58,034 20244 DEBUG open-dashboard openerp.sql_db: ConnectionPool(used=1/count=1/max=64) Existing connection found at index 0
2013-06-12 06:42:58,040 20244 DEBUG open-dashboard openerp.sql_db: query: SELECT board_create."name",board_create."menu_parent_id",board_create.id FROM "board_create" WHERE board_create.id IN (9) ORDER BY id
2013-06-12 06:42:58,047 20244 DEBUG open-dashboard openerp.sql_db: query: SELECT ir_ui_menu."web_icon_data",ir_ui_menu."mail_group_id",ir_ui_menu."sequence",ir_ui_menu."web_icon_hover",ir_ui_menu."web_icon_hover_data",ir_ui_menu."icon"
,ir_ui_menu."needaction_enabled",ir_ui_menu."parent_right",ir_ui_menu."name",ir_ui_menu."web_icon",ir_ui_menu."parent_id",ir_ui_menu."parent_left",ir_ui_menu.id FROM "ir_ui_menu" WHERE ir_ui_menu.id IN (5) ORDER BY sequence,id
2013-06-12 06:42:58,050 20244 DEBUG open-dashboard openerp.sql_db: query: SELECT ir_ui_menu."web_icon_data",ir_ui_menu."mail_group_id",ir_ui_menu."sequence",ir_ui_menu."web_icon_hover",ir_ui_menu."web_icon_hover_data",ir_ui_menu."icon"
,ir_ui_menu."needaction_enabled",ir_ui_menu."parent_right",ir_ui_menu."name",ir_ui_menu."web_icon",ir_ui_menu."parent_id",ir_ui_menu."parent_left",ir_ui_menu.id FROM "ir_ui_menu" WHERE ir_ui_menu.id IN (4) ORDER BY sequence,id
2013-06-12 06:42:58,052 20244 DEBUG open-dashboard openerp.sql_db: SQL LOG from:
2013-06-12 06:42:58,054 20244 DEBUG open-dashboard openerp.sql_db: table: board_create: 0:00:00.002312/1
2013-06-12 06:42:58,055 20244 DEBUG open-dashboard openerp.sql_db: table: ir_ui_menu: 0:00:00.008232/2
2013-06-12 06:42:58,055 20244 DEBUG open-dashboard openerp.sql_db: SUM from:0:00:00.010544/3 [52]
2013-06-12 06:42:58,055 20244 DEBUG open-dashboard openerp.sql_db: SUM into:0:00:00/3 [52]
2013-06-12 06:42:58,055 20244 DEBUG open-dashboard openerp.sql_db: ConnectionPool(used=1/count=1/max=64) Give back connection to 'host=localhost port=5432 user=openerp password=xxxxxxxx dbname=open-dashboard'
2013-06-12 06:42:58,055 20244 DEBUG open-dashboard openerp.sql_db: ConnectionPool(used=0/count=1/max=64) Put connection to 'host=localhost port=5432 user=openerp password=xxxxxxxx dbname=open-dashboard' in pool
2013-06-12 06:42:58,067 20244 DEBUG open-dashboard openerp.sql_db: create serialized cursor to 'open-dashboard'
2013-06-12 06:42:58,067 20244 DEBUG open-dashboard openerp.sql_db: ConnectionPool(used=0/count=1/max=64) Borrow connection to 'host=localhost port=5432 user=openerp password=MoreFire dbname=open-dashboard'
2013-06-12 06:42:58,068 20244 DEBUG open-dashboard openerp.sql_db: ConnectionPool(used=1/count=1/max=64) Existing connection found at index 0
2013-06-12 06:42:58,074 20244 INFO open-dashboard werkzeug: 192.168.1.12 - - [12/Jun/2013 06:42:58] "POST /web/dataset/call_kw/board.create:read HTTP/1.1" 200 -
2013-06-12 06:42:58,080 20244 DEBUG open-dashboard openerp.sql_db: query: SELECT "ir_values".id FROM "ir_values" WHERE (((("ir_values"."model" = 'ir.ui.menu')  AND  ("ir_values"."key" = 'action'))  AND  ("ir_values"."key2" = 'tree_but_
open'))  AND  ("ir_values"."res_id" in (95))) ORDER BY "ir_values"."id"  
2013-06-12 06:42:58,085 20244 DEBUG open-dashboard openerp.sql_db: query: SELECT ir_values."model_id",ir_values."user_id",ir_values."name",ir_values."key2",ir_values."company_id",ir_values."value",ir_values."key",ir_values."model",ir_v
alues."res_id",ir_values."action_id",ir_values.id FROM "ir_values" WHERE ir_values.id IN (72) ORDER BY id
2013-06-12 06:42:58,093 20244 DEBUG open-dashboard openerp.sql_db: query: SELECT ir_act_window."domain",ir_act_window."help",ir_act_window."res_model",ir_act_window."view_id",ir_act_window."search_view_id",ir_act_window."auto_refresh",
ir_act_window."view_mode",ir_act_window."name",ir_act_window."multi",ir_act_window."target",ir_act_window."type",ir_act_window."auto_search",ir_act_window."filter",ir_act_window."src_model",ir_act_window."limit",ir_act_window."context"
,ir_act_window."view_type",ir_act_window."usage",ir_act_window."res_id",ir_act_window.id FROM "ir_act_window" WHERE ir_act_window.id IN (84) ORDER BY name
2013-06-12 06:42:58,099 20244 DEBUG open-dashboard openerp.sql_db: query: SELECT "ir_values".id FROM "ir_values" WHERE (((("ir_values"."model" = 'ir.ui.menu')  AND  ("ir_values"."key" = 'action'))  AND  ("ir_values"."key2" = 'tree_but_
open'))  AND  ("ir_values"."res_id" in (95))) ORDER BY "ir_values"."id"  
2013-06-12 06:42:58,101 20244 DEBUG open-dashboard openerp.sql_db: query: SELECT ir_values."model_id",ir_values."user_id",ir_values."name",ir_values."key2",ir_values."company_id",ir_values."value",ir_values."key",ir_values."model",ir_v
alues."res_id",ir_values."action_id",ir_values.id FROM "ir_values" WHERE ir_values.id IN (72) ORDER BY id
2013-06-12 06:42:58,108 20244 DEBUG open-dashboard openerp.sql_db: query: SELECT ir_act_window."domain",ir_act_window."help",ir_act_window."res_model",ir_act_window."view_id",ir_act_window."search_view_id",ir_act_window."auto_refresh",
ir_act_window."view_mode",ir_act_window."name",ir_act_window."multi",ir_act_window."target",ir_act_window."type",ir_act_window."auto_search",ir_act_window."filter",ir_act_window."src_model",ir_act_window."limit",ir_act_window."context"
,ir_act_window."view_type",ir_act_window."usage",ir_act_window."res_id",ir_act_window.id FROM "ir_act_window" WHERE ir_act_window.id IN (84) ORDER BY name
2013-06-12 06:42:58,110 20244 DEBUG open-dashboard openerp.sql_db: SQL LOG from:
2013-06-12 06:42:58,110 20244 DEBUG open-dashboard openerp.sql_db: table: ir_act_window: 0:00:00.011796/2
2013-06-12 06:42:58,110 20244 DEBUG open-dashboard openerp.sql_db: table: ir_values: 0:00:00.006636/4
2013-06-12 06:42:58,110 20244 DEBUG open-dashboard openerp.sql_db: SUM from:0:00:00.018432/6 [58]
2013-06-12 06:42:58,111 20244 DEBUG open-dashboard openerp.sql_db: SUM into:0:00:00/6 [58]
2013-06-12 06:42:58,111 20244 DEBUG open-dashboard openerp.sql_db: ConnectionPool(used=1/count=1/max=64) Give back connection to 'host=localhost port=5432 user=openerp password=xxxxxxxx dbname=open-dashboard'
2013-06-12 06:42:58,111 20244 DEBUG open-dashboard openerp.sql_db: ConnectionPool(used=0/count=1/max=64) Put connection to 'host=localhost port=5432 user=openerp password=xxxxxxxx dbname=open-dashboard' in pool
2013-06-12 06:42:58,116 20244 INFO open-dashboard werkzeug: 192.168.1.12 - - [12/Jun/2013 06:42:58] "POST /web/menu/load_needaction HTTP/1.1" 200 -
